{"C:\\calculadoraRPN\\calculadora.js": {"path":"C:\\calculadoraRPN\\calculadora.js","statementMap":{"0":{"start":{"line":1,"column":12},"end":{"line":1,"column":14}},"1":{"start":{"line":2,"column":18},"end":{"line":2,"column":20}},"2":{"start":{"line":5,"column":25},"end":{"line":5,"column":65}},"3":{"start":{"line":6,"column":4},"end":{"line":6,"column":47}},"4":{"start":{"line":8,"column":4},"end":{"line":8,"column":25}},"5":{"start":{"line":12,"column":25},"end":{"line":12,"column":57}},"6":{"start":{"line":13,"column":4},"end":{"line":13,"column":43}},"7":{"start":{"line":17,"column":4},"end":{"line":17,"column":36}},"8":{"start":{"line":18,"column":4},"end":{"line":18,"column":25}},"9":{"start":{"line":22,"column":4},"end":{"line":22,"column":42}},"10":{"start":{"line":22,"column":35},"end":{"line":22,"column":42}},"11":{"start":{"line":24,"column":18},"end":{"line":24,"column":41}},"12":{"start":{"line":26,"column":4},"end":{"line":31,"column":5}},"13":{"start":{"line":27,"column":8},"end":{"line":27,"column":51}},"14":{"start":{"line":28,"column":8},"end":{"line":28,"column":25}},"15":{"start":{"line":29,"column":8},"end":{"line":29,"column":29}},"16":{"start":{"line":30,"column":8},"end":{"line":30,"column":15}},"17":{"start":{"line":33,"column":4},"end":{"line":33,"column":22}},"18":{"start":{"line":34,"column":4},"end":{"line":34,"column":21}},"19":{"start":{"line":35,"column":4},"end":{"line":35,"column":20}},"20":{"start":{"line":39,"column":4},"end":{"line":39,"column":21}},"21":{"start":{"line":40,"column":4},"end":{"line":40,"column":25}},"22":{"start":{"line":44,"column":4},"end":{"line":44,"column":15}},"23":{"start":{"line":45,"column":4},"end":{"line":45,"column":21}},"24":{"start":{"line":46,"column":4},"end":{"line":46,"column":20}},"25":{"start":{"line":50,"column":4},"end":{"line":54,"column":5}},"26":{"start":{"line":51,"column":8},"end":{"line":51,"column":43}},"27":{"start":{"line":52,"column":11},"end":{"line":54,"column":5}},"28":{"start":{"line":53,"column":8},"end":{"line":53,"column":40}},"29":{"start":{"line":55,"column":4},"end":{"line":55,"column":25}},"30":{"start":{"line":59,"column":4},"end":{"line":59,"column":16}},"31":{"start":{"line":60,"column":4},"end":{"line":60,"column":20}},"32":{"start":{"line":64,"column":4},"end":{"line":67,"column":5}},"33":{"start":{"line":65,"column":8},"end":{"line":65,"column":72}},"34":{"start":{"line":66,"column":8},"end":{"line":66,"column":15}},"35":{"start":{"line":69,"column":14},"end":{"line":69,"column":25}},"36":{"start":{"line":70,"column":14},"end":{"line":70,"column":25}},"37":{"start":{"line":71,"column":4},"end":{"line":71,"column":18}},"38":{"start":{"line":72,"column":4},"end":{"line":72,"column":18}},"39":{"start":{"line":74,"column":4},"end":{"line":74,"column":20}},"40":{"start":{"line":78,"column":4},"end":{"line":81,"column":5}},"41":{"start":{"line":79,"column":8},"end":{"line":79,"column":37}},"42":{"start":{"line":80,"column":8},"end":{"line":80,"column":15}},"43":{"start":{"line":83,"column":4},"end":{"line":83,"column":40}},"44":{"start":{"line":84,"column":4},"end":{"line":84,"column":20}},"45":{"start":{"line":88,"column":4},"end":{"line":88,"column":29}},"46":{"start":{"line":92,"column":4},"end":{"line":92,"column":18}},"47":{"start":{"line":94,"column":4},"end":{"line":97,"column":5}},"48":{"start":{"line":95,"column":8},"end":{"line":95,"column":60}},"49":{"start":{"line":96,"column":8},"end":{"line":96,"column":15}},"50":{"start":{"line":99,"column":14},"end":{"line":99,"column":25}},"51":{"start":{"line":100,"column":14},"end":{"line":100,"column":25}},"52":{"start":{"line":103,"column":4},"end":{"line":125,"column":5}},"53":{"start":{"line":105,"column":12},"end":{"line":105,"column":31}},"54":{"start":{"line":106,"column":12},"end":{"line":106,"column":18}},"55":{"start":{"line":108,"column":12},"end":{"line":108,"column":36}},"56":{"start":{"line":109,"column":12},"end":{"line":109,"column":18}},"57":{"start":{"line":111,"column":12},"end":{"line":111,"column":36}},"58":{"start":{"line":112,"column":12},"end":{"line":112,"column":18}},"59":{"start":{"line":114,"column":12},"end":{"line":118,"column":13}},"60":{"start":{"line":115,"column":16},"end":{"line":115,"column":50}},"61":{"start":{"line":116,"column":16},"end":{"line":116,"column":33}},"62":{"start":{"line":117,"column":16},"end":{"line":117,"column":23}},"63":{"start":{"line":119,"column":12},"end":{"line":119,"column":34}},"64":{"start":{"line":120,"column":12},"end":{"line":120,"column":18}},"65":{"start":{"line":122,"column":12},"end":{"line":122,"column":41}},"66":{"start":{"line":123,"column":12},"end":{"line":123,"column":29}},"67":{"start":{"line":124,"column":12},"end":{"line":124,"column":19}},"68":{"start":{"line":127,"column":4},"end":{"line":127,"column":23}},"69":{"start":{"line":128,"column":4},"end":{"line":128,"column":20}},"70":{"start":{"line":132,"column":0},"end":{"line":150,"column":3}},"71":{"start":{"line":133,"column":16},"end":{"line":133,"column":25}},"72":{"start":{"line":135,"column":4},"end":{"line":149,"column":5}},"73":{"start":{"line":136,"column":8},"end":{"line":136,"column":35}},"74":{"start":{"line":137,"column":11},"end":{"line":149,"column":5}},"75":{"start":{"line":138,"column":8},"end":{"line":138,"column":30}},"76":{"start":{"line":139,"column":11},"end":{"line":149,"column":5}},"77":{"start":{"line":140,"column":8},"end":{"line":140,"column":22}},"78":{"start":{"line":141,"column":11},"end":{"line":149,"column":5}},"79":{"start":{"line":142,"column":8},"end":{"line":142,"column":21}},"80":{"start":{"line":143,"column":11},"end":{"line":149,"column":5}},"81":{"start":{"line":144,"column":8},"end":{"line":144,"column":31}},"82":{"start":{"line":145,"column":8},"end":{"line":145,"column":51}},"83":{"start":{"line":148,"column":8},"end":{"line":148,"column":31}},"84":{"start":{"line":153,"column":4},"end":{"line":153,"column":17}},"85":{"start":{"line":156,"column":4},"end":{"line":156,"column":17}},"86":{"start":{"line":159,"column":4},"end":{"line":159,"column":17}},"87":{"start":{"line":162,"column":4},"end":{"line":162,"column":29}},"88":{"start":{"line":162,"column":17},"end":{"line":162,"column":29}},"89":{"start":{"line":163,"column":4},"end":{"line":163,"column":17}},"90":{"start":{"line":166,"column":0},"end":{"line":207,"column":3}},"91":{"start":{"line":168,"column":4},"end":{"line":173,"column":7}},"92":{"start":{"line":169,"column":8},"end":{"line":172,"column":11}},"93":{"start":{"line":170,"column":26},"end":{"line":170,"column":51}},"94":{"start":{"line":171,"column":12},"end":{"line":171,"column":41}},"95":{"start":{"line":176,"column":4},"end":{"line":182,"column":7}},"96":{"start":{"line":177,"column":8},"end":{"line":181,"column":11}},"97":{"start":{"line":178,"column":27},"end":{"line":178,"column":52}},"98":{"start":{"line":179,"column":26},"end":{"line":179,"column":68}},"99":{"start":{"line":180,"column":12},"end":{"line":180,"column":54}},"100":{"start":{"line":185,"column":21},"end":{"line":185,"column":53}},"101":{"start":{"line":186,"column":4},"end":{"line":188,"column":5}},"102":{"start":{"line":187,"column":8},"end":{"line":187,"column":56}},"103":{"start":{"line":191,"column":4},"end":{"line":206,"column":7}},"104":{"start":{"line":192,"column":23},"end":{"line":192,"column":44}},"105":{"start":{"line":193,"column":8},"end":{"line":193,"column":28}},"106":{"start":{"line":193,"column":21},"end":{"line":193,"column":28}},"107":{"start":{"line":195,"column":8},"end":{"line":205,"column":11}},"108":{"start":{"line":196,"column":12},"end":{"line":204,"column":13}},"109":{"start":{"line":197,"column":33},"end":{"line":197,"column":44}},"110":{"start":{"line":197,"column":45},"end":{"line":197,"column":51}},"111":{"start":{"line":198,"column":34},"end":{"line":198,"column":46}},"112":{"start":{"line":198,"column":47},"end":{"line":198,"column":53}},"113":{"start":{"line":199,"column":38},"end":{"line":199,"column":54}},"114":{"start":{"line":199,"column":55},"end":{"line":199,"column":61}},"115":{"start":{"line":200,"column":33},"end":{"line":200,"column":44}},"116":{"start":{"line":200,"column":45},"end":{"line":200,"column":51}},"117":{"start":{"line":201,"column":35},"end":{"line":201,"column":48}},"118":{"start":{"line":201,"column":49},"end":{"line":201,"column":55}},"119":{"start":{"line":202,"column":35},"end":{"line":202,"column":48}},"120":{"start":{"line":202,"column":49},"end":{"line":202,"column":55}},"121":{"start":{"line":203,"column":25},"end":{"line":203,"column":69}},"122":{"start":{"line":209,"column":0},"end":{"line":215,"column":2}}},"fnMap":{"0":{"name":"updateDisplay","decl":{"start":{"line":4,"column":9},"end":{"line":4,"column":22}},"loc":{"start":{"line":4,"column":25},"end":{"line":9,"column":1}},"line":4},"1":{"name":"updateInputDisplay","decl":{"start":{"line":11,"column":9},"end":{"line":11,"column":27}},"loc":{"start":{"line":11,"column":30},"end":{"line":14,"column":1}},"line":11},"2":{"name":"appendDigit","decl":{"start":{"line":16,"column":9},"end":{"line":16,"column":20}},"loc":{"start":{"line":16,"column":28},"end":{"line":19,"column":1}},"line":16},"3":{"name":"enterNumber","decl":{"start":{"line":21,"column":9},"end":{"line":21,"column":20}},"loc":{"start":{"line":21,"column":23},"end":{"line":36,"column":1}},"line":21},"4":{"name":"clearInput","decl":{"start":{"line":38,"column":9},"end":{"line":38,"column":19}},"loc":{"start":{"line":38,"column":22},"end":{"line":41,"column":1}},"line":38},"5":{"name":"clearAll","decl":{"start":{"line":43,"column":9},"end":{"line":43,"column":17}},"loc":{"start":{"line":43,"column":20},"end":{"line":47,"column":1}},"line":43},"6":{"name":"changeSign","decl":{"start":{"line":49,"column":9},"end":{"line":49,"column":19}},"loc":{"start":{"line":49,"column":22},"end":{"line":56,"column":1}},"line":49},"7":{"name":"dropItem","decl":{"start":{"line":58,"column":9},"end":{"line":58,"column":17}},"loc":{"start":{"line":58,"column":20},"end":{"line":61,"column":1}},"line":58},"8":{"name":"swapItems","decl":{"start":{"line":63,"column":9},"end":{"line":63,"column":18}},"loc":{"start":{"line":63,"column":21},"end":{"line":75,"column":1}},"line":63},"9":{"name":"duplicateItem","decl":{"start":{"line":77,"column":9},"end":{"line":77,"column":22}},"loc":{"start":{"line":77,"column":25},"end":{"line":85,"column":1}},"line":77},"10":{"name":"hasEnoughOperands","decl":{"start":{"line":87,"column":9},"end":{"line":87,"column":26}},"loc":{"start":{"line":87,"column":29},"end":{"line":89,"column":1}},"line":87},"11":{"name":"performOperation","decl":{"start":{"line":91,"column":9},"end":{"line":91,"column":25}},"loc":{"start":{"line":91,"column":30},"end":{"line":129,"column":1}},"line":91},"12":{"name":"(anonymous_12)","decl":{"start":{"line":132,"column":37},"end":{"line":132,"column":38}},"loc":{"start":{"line":132,"column":48},"end":{"line":150,"column":1}},"line":132},"13":{"name":"add","decl":{"start":{"line":152,"column":9},"end":{"line":152,"column":12}},"loc":{"start":{"line":152,"column":19},"end":{"line":154,"column":1}},"line":152},"14":{"name":"subtract","decl":{"start":{"line":155,"column":9},"end":{"line":155,"column":17}},"loc":{"start":{"line":155,"column":24},"end":{"line":157,"column":1}},"line":155},"15":{"name":"multiply","decl":{"start":{"line":158,"column":9},"end":{"line":158,"column":17}},"loc":{"start":{"line":158,"column":24},"end":{"line":160,"column":1}},"line":158},"16":{"name":"divide","decl":{"start":{"line":161,"column":9},"end":{"line":161,"column":15}},"loc":{"start":{"line":161,"column":22},"end":{"line":164,"column":1}},"line":161},"17":{"name":"(anonymous_17)","decl":{"start":{"line":166,"column":46},"end":{"line":166,"column":47}},"loc":{"start":{"line":166,"column":52},"end":{"line":207,"column":1}},"line":166},"18":{"name":"(anonymous_18)","decl":{"start":{"line":168,"column":48},"end":{"line":168,"column":49}},"loc":{"start":{"line":168,"column":58},"end":{"line":173,"column":5}},"line":168},"19":{"name":"(anonymous_19)","decl":{"start":{"line":169,"column":41},"end":{"line":169,"column":42}},"loc":{"start":{"line":169,"column":47},"end":{"line":172,"column":9}},"line":169},"20":{"name":"(anonymous_20)","decl":{"start":{"line":176,"column":52},"end":{"line":176,"column":53}},"loc":{"start":{"line":176,"column":62},"end":{"line":182,"column":5}},"line":176},"21":{"name":"(anonymous_21)","decl":{"start":{"line":177,"column":41},"end":{"line":177,"column":42}},"loc":{"start":{"line":177,"column":47},"end":{"line":181,"column":9}},"line":177},"22":{"name":"(anonymous_22)","decl":{"start":{"line":191,"column":51},"end":{"line":191,"column":52}},"loc":{"start":{"line":191,"column":61},"end":{"line":206,"column":5}},"line":191},"23":{"name":"(anonymous_23)","decl":{"start":{"line":195,"column":41},"end":{"line":195,"column":42}},"loc":{"start":{"line":195,"column":47},"end":{"line":205,"column":9}},"line":195}},"branchMap":{"0":{"loc":{"start":{"line":22,"column":4},"end":{"line":22,"column":42}},"type":"if","locations":[{"start":{"line":22,"column":4},"end":{"line":22,"column":42}},{"start":{},"end":{}}],"line":22},"1":{"loc":{"start":{"line":26,"column":4},"end":{"line":31,"column":5}},"type":"if","locations":[{"start":{"line":26,"column":4},"end":{"line":31,"column":5}},{"start":{},"end":{}}],"line":26},"2":{"loc":{"start":{"line":26,"column":8},"end":{"line":26,"column":48}},"type":"binary-expr","locations":[{"start":{"line":26,"column":8},"end":{"line":26,"column":20}},{"start":{"line":26,"column":24},"end":{"line":26,"column":48}}],"line":26},"3":{"loc":{"start":{"line":50,"column":4},"end":{"line":54,"column":5}},"type":"if","locations":[{"start":{"line":50,"column":4},"end":{"line":54,"column":5}},{"start":{"line":52,"column":11},"end":{"line":54,"column":5}}],"line":50},"4":{"loc":{"start":{"line":52,"column":11},"end":{"line":54,"column":5}},"type":"if","locations":[{"start":{"line":52,"column":11},"end":{"line":54,"column":5}},{"start":{},"end":{}}],"line":52},"5":{"loc":{"start":{"line":64,"column":4},"end":{"line":67,"column":5}},"type":"if","locations":[{"start":{"line":64,"column":4},"end":{"line":67,"column":5}},{"start":{},"end":{}}],"line":64},"6":{"loc":{"start":{"line":78,"column":4},"end":{"line":81,"column":5}},"type":"if","locations":[{"start":{"line":78,"column":4},"end":{"line":81,"column":5}},{"start":{},"end":{}}],"line":78},"7":{"loc":{"start":{"line":94,"column":4},"end":{"line":97,"column":5}},"type":"if","locations":[{"start":{"line":94,"column":4},"end":{"line":97,"column":5}},{"start":{},"end":{}}],"line":94},"8":{"loc":{"start":{"line":103,"column":4},"end":{"line":125,"column":5}},"type":"switch","locations":[{"start":{"line":104,"column":8},"end":{"line":106,"column":18}},{"start":{"line":107,"column":8},"end":{"line":109,"column":18}},{"start":{"line":110,"column":8},"end":{"line":112,"column":18}},{"start":{"line":113,"column":8},"end":{"line":120,"column":18}},{"start":{"line":121,"column":8},"end":{"line":124,"column":19}}],"line":103},"9":{"loc":{"start":{"line":114,"column":12},"end":{"line":118,"column":13}},"type":"if","locations":[{"start":{"line":114,"column":12},"end":{"line":118,"column":13}},{"start":{},"end":{}}],"line":114},"10":{"loc":{"start":{"line":135,"column":4},"end":{"line":149,"column":5}},"type":"if","locations":[{"start":{"line":135,"column":4},"end":{"line":149,"column":5}},{"start":{"line":137,"column":11},"end":{"line":149,"column":5}}],"line":135},"11":{"loc":{"start":{"line":137,"column":11},"end":{"line":149,"column":5}},"type":"if","locations":[{"start":{"line":137,"column":11},"end":{"line":149,"column":5}},{"start":{"line":139,"column":11},"end":{"line":149,"column":5}}],"line":137},"12":{"loc":{"start":{"line":139,"column":11},"end":{"line":149,"column":5}},"type":"if","locations":[{"start":{"line":139,"column":11},"end":{"line":149,"column":5}},{"start":{"line":141,"column":11},"end":{"line":149,"column":5}}],"line":139},"13":{"loc":{"start":{"line":141,"column":11},"end":{"line":149,"column":5}},"type":"if","locations":[{"start":{"line":141,"column":11},"end":{"line":149,"column":5}},{"start":{"line":143,"column":11},"end":{"line":149,"column":5}}],"line":141},"14":{"loc":{"start":{"line":143,"column":11},"end":{"line":149,"column":5}},"type":"if","locations":[{"start":{"line":143,"column":11},"end":{"line":149,"column":5}},{"start":{"line":146,"column":11},"end":{"line":149,"column":5}}],"line":143},"15":{"loc":{"start":{"line":162,"column":4},"end":{"line":162,"column":29}},"type":"if","locations":[{"start":{"line":162,"column":4},"end":{"line":162,"column":29}},{"start":{},"end":{}}],"line":162},"16":{"loc":{"start":{"line":180,"column":29},"end":{"line":180,"column":52}},"type":"binary-expr","locations":[{"start":{"line":180,"column":29},"end":{"line":180,"column":42}},{"start":{"line":180,"column":46},"end":{"line":180,"column":52}}],"line":180},"17":{"loc":{"start":{"line":186,"column":4},"end":{"line":188,"column":5}},"type":"if","locations":[{"start":{"line":186,"column":4},"end":{"line":188,"column":5}},{"start":{},"end":{}}],"line":186},"18":{"loc":{"start":{"line":193,"column":8},"end":{"line":193,"column":28}},"type":"if","locations":[{"start":{"line":193,"column":8},"end":{"line":193,"column":28}},{"start":{},"end":{}}],"line":193},"19":{"loc":{"start":{"line":196,"column":12},"end":{"line":204,"column":13}},"type":"switch","locations":[{"start":{"line":197,"column":16},"end":{"line":197,"column":51}},{"start":{"line":198,"column":16},"end":{"line":198,"column":53}},{"start":{"line":199,"column":16},"end":{"line":199,"column":61}},{"start":{"line":200,"column":16},"end":{"line":200,"column":51}},{"start":{"line":201,"column":16},"end":{"line":201,"column":55}},{"start":{"line":202,"column":16},"end":{"line":202,"column":55}},{"start":{"line":203,"column":16},"end":{"line":203,"column":69}}],"line":196}},"s":{"0":1,"1":1,"2":0,"3":0,"4":0,"5":0,"6":0,"7":0,"8":0,"9":0,"10":0,"11":0,"12":0,"13":0,"14":0,"15":0,"16":0,"17":0,"18":0,"19":0,"20":0,"21":0,"22":0,"23":0,"24":0,"25":0,"26":0,"27":0,"28":0,"29":0,"30":0,"31":0,"32":0,"33":0,"34":0,"35":0,"36":0,"37":0,"38":0,"39":0,"40":0,"41":0,"42":0,"43":0,"44":0,"45":2,"46":0,"47":0,"48":0,"49":0,"50":0,"51":0,"52":0,"53":0,"54":0,"55":0,"56":0,"57":0,"58":0,"59":0,"60":0,"61":0,"62":0,"63":0,"64":0,"65":0,"66":0,"67":0,"68":0,"69":0,"70":1,"71":0,"72":0,"73":0,"74":0,"75":0,"76":0,"77":0,"78":0,"79":0,"80":0,"81":0,"82":0,"83":0,"84":3,"85":0,"86":0,"87":0,"88":0,"89":0,"90":1,"91":0,"92":0,"93":0,"94":0,"95":0,"96":0,"97":0,"98":0,"99":0,"100":0,"101":0,"102":0,"103":0,"104":0,"105":0,"106":0,"107":0,"108":0,"109":0,"110":0,"111":0,"112":0,"113":0,"114":0,"115":0,"116":0,"117":0,"118":0,"119":0,"120":0,"121":0,"122":1},"f":{"0":0,"1":0,"2":0,"3":0,"4":0,"5":0,"6":0,"7":0,"8":0,"9":0,"10":2,"11":0,"12":0,"13":3,"14":0,"15":0,"16":0,"17":0,"18":0,"19":0,"20":0,"21":0,"22":0,"23":0},"b":{"0":[0,0],"1":[0,0],"2":[0,0],"3":[0,0],"4":[0,0],"5":[0,0],"6":[0,0],"7":[0,0],"8":[0,0,0,0,0],"9":[0,0],"10":[0,0],"11":[0,0],"12":[0,0],"13":[0,0],"14":[0,0],"15":[0,0],"16":[0,0],"17":[0,0],"18":[0,0],"19":[0,0,0,0,0,0,0]},"_coverageSchema":"1a1c01bbd47fc00a2c39e90264f33305004495a9","hash":"88dbec3f632395fcbb7e38ca1af05647afb5668f"}
}
