{"/run/media/francisco/hdd2/archivos/Progra/pruebaSoft/calculadoraRPN/calculadora.js": {"path":"/run/media/francisco/hdd2/archivos/Progra/pruebaSoft/calculadoraRPN/calculadora.js","statementMap":{"0":{"start":{"line":1,"column":12},"end":{"line":1,"column":14}},"1":{"start":{"line":2,"column":18},"end":{"line":2,"column":20}},"2":{"start":{"line":5,"column":25},"end":{"line":5,"column":65}},"3":{"start":{"line":6,"column":4},"end":{"line":6,"column":47}},"4":{"start":{"line":8,"column":4},"end":{"line":8,"column":25}},"5":{"start":{"line":12,"column":25},"end":{"line":12,"column":57}},"6":{"start":{"line":13,"column":4},"end":{"line":13,"column":43}},"7":{"start":{"line":17,"column":4},"end":{"line":17,"column":36}},"8":{"start":{"line":18,"column":4},"end":{"line":18,"column":25}},"9":{"start":{"line":22,"column":4},"end":{"line":22,"column":42}},"10":{"start":{"line":22,"column":35},"end":{"line":22,"column":42}},"11":{"start":{"line":24,"column":4},"end":{"line":29,"column":5}},"12":{"start":{"line":25,"column":8},"end":{"line":25,"column":51}},"13":{"start":{"line":26,"column":8},"end":{"line":26,"column":25}},"14":{"start":{"line":27,"column":8},"end":{"line":27,"column":29}},"15":{"start":{"line":28,"column":8},"end":{"line":28,"column":15}},"16":{"start":{"line":31,"column":18},"end":{"line":31,"column":41}},"17":{"start":{"line":33,"column":4},"end":{"line":38,"column":5}},"18":{"start":{"line":34,"column":8},"end":{"line":34,"column":51}},"19":{"start":{"line":35,"column":8},"end":{"line":35,"column":25}},"20":{"start":{"line":36,"column":8},"end":{"line":36,"column":29}},"21":{"start":{"line":37,"column":8},"end":{"line":37,"column":15}},"22":{"start":{"line":40,"column":4},"end":{"line":40,"column":22}},"23":{"start":{"line":41,"column":4},"end":{"line":41,"column":21}},"24":{"start":{"line":42,"column":4},"end":{"line":42,"column":20}},"25":{"start":{"line":46,"column":4},"end":{"line":46,"column":21}},"26":{"start":{"line":47,"column":4},"end":{"line":47,"column":25}},"27":{"start":{"line":51,"column":4},"end":{"line":51,"column":15}},"28":{"start":{"line":52,"column":4},"end":{"line":52,"column":21}},"29":{"start":{"line":53,"column":4},"end":{"line":53,"column":20}},"30":{"start":{"line":57,"column":4},"end":{"line":61,"column":5}},"31":{"start":{"line":58,"column":8},"end":{"line":58,"column":43}},"32":{"start":{"line":59,"column":11},"end":{"line":61,"column":5}},"33":{"start":{"line":60,"column":8},"end":{"line":60,"column":40}},"34":{"start":{"line":62,"column":4},"end":{"line":62,"column":25}},"35":{"start":{"line":66,"column":4},"end":{"line":66,"column":16}},"36":{"start":{"line":67,"column":4},"end":{"line":67,"column":20}},"37":{"start":{"line":71,"column":4},"end":{"line":74,"column":5}},"38":{"start":{"line":72,"column":8},"end":{"line":72,"column":72}},"39":{"start":{"line":73,"column":8},"end":{"line":73,"column":15}},"40":{"start":{"line":76,"column":14},"end":{"line":76,"column":25}},"41":{"start":{"line":77,"column":14},"end":{"line":77,"column":25}},"42":{"start":{"line":78,"column":4},"end":{"line":78,"column":18}},"43":{"start":{"line":79,"column":4},"end":{"line":79,"column":18}},"44":{"start":{"line":81,"column":4},"end":{"line":81,"column":20}},"45":{"start":{"line":85,"column":4},"end":{"line":88,"column":5}},"46":{"start":{"line":86,"column":8},"end":{"line":86,"column":37}},"47":{"start":{"line":87,"column":8},"end":{"line":87,"column":15}},"48":{"start":{"line":90,"column":4},"end":{"line":90,"column":40}},"49":{"start":{"line":91,"column":4},"end":{"line":91,"column":20}},"50":{"start":{"line":95,"column":4},"end":{"line":95,"column":29}},"51":{"start":{"line":99,"column":4},"end":{"line":99,"column":18}},"52":{"start":{"line":101,"column":4},"end":{"line":104,"column":5}},"53":{"start":{"line":102,"column":8},"end":{"line":102,"column":60}},"54":{"start":{"line":103,"column":8},"end":{"line":103,"column":15}},"55":{"start":{"line":106,"column":14},"end":{"line":106,"column":25}},"56":{"start":{"line":107,"column":14},"end":{"line":107,"column":25}},"57":{"start":{"line":110,"column":4},"end":{"line":132,"column":5}},"58":{"start":{"line":112,"column":12},"end":{"line":112,"column":31}},"59":{"start":{"line":113,"column":12},"end":{"line":113,"column":18}},"60":{"start":{"line":115,"column":12},"end":{"line":115,"column":36}},"61":{"start":{"line":116,"column":12},"end":{"line":116,"column":18}},"62":{"start":{"line":118,"column":12},"end":{"line":118,"column":36}},"63":{"start":{"line":119,"column":12},"end":{"line":119,"column":18}},"64":{"start":{"line":121,"column":12},"end":{"line":125,"column":13}},"65":{"start":{"line":122,"column":16},"end":{"line":122,"column":50}},"66":{"start":{"line":123,"column":16},"end":{"line":123,"column":33}},"67":{"start":{"line":124,"column":16},"end":{"line":124,"column":23}},"68":{"start":{"line":126,"column":12},"end":{"line":126,"column":34}},"69":{"start":{"line":127,"column":12},"end":{"line":127,"column":18}},"70":{"start":{"line":129,"column":12},"end":{"line":129,"column":41}},"71":{"start":{"line":130,"column":12},"end":{"line":130,"column":29}},"72":{"start":{"line":131,"column":12},"end":{"line":131,"column":19}},"73":{"start":{"line":134,"column":4},"end":{"line":134,"column":23}},"74":{"start":{"line":135,"column":4},"end":{"line":135,"column":20}},"75":{"start":{"line":139,"column":0},"end":{"line":157,"column":3}},"76":{"start":{"line":140,"column":16},"end":{"line":140,"column":25}},"77":{"start":{"line":142,"column":4},"end":{"line":156,"column":5}},"78":{"start":{"line":143,"column":8},"end":{"line":143,"column":35}},"79":{"start":{"line":144,"column":11},"end":{"line":156,"column":5}},"80":{"start":{"line":145,"column":8},"end":{"line":145,"column":30}},"81":{"start":{"line":146,"column":11},"end":{"line":156,"column":5}},"82":{"start":{"line":147,"column":8},"end":{"line":147,"column":22}},"83":{"start":{"line":148,"column":11},"end":{"line":156,"column":5}},"84":{"start":{"line":149,"column":8},"end":{"line":149,"column":21}},"85":{"start":{"line":150,"column":11},"end":{"line":156,"column":5}},"86":{"start":{"line":151,"column":8},"end":{"line":151,"column":31}},"87":{"start":{"line":152,"column":8},"end":{"line":152,"column":51}},"88":{"start":{"line":155,"column":8},"end":{"line":155,"column":31}},"89":{"start":{"line":160,"column":4},"end":{"line":160,"column":17}},"90":{"start":{"line":163,"column":4},"end":{"line":163,"column":17}},"91":{"start":{"line":166,"column":4},"end":{"line":166,"column":17}},"92":{"start":{"line":169,"column":4},"end":{"line":169,"column":29}},"93":{"start":{"line":169,"column":17},"end":{"line":169,"column":29}},"94":{"start":{"line":170,"column":4},"end":{"line":170,"column":17}},"95":{"start":{"line":173,"column":0},"end":{"line":214,"column":3}},"96":{"start":{"line":175,"column":4},"end":{"line":180,"column":7}},"97":{"start":{"line":176,"column":8},"end":{"line":179,"column":11}},"98":{"start":{"line":177,"column":26},"end":{"line":177,"column":51}},"99":{"start":{"line":178,"column":12},"end":{"line":178,"column":41}},"100":{"start":{"line":183,"column":4},"end":{"line":189,"column":7}},"101":{"start":{"line":184,"column":8},"end":{"line":188,"column":11}},"102":{"start":{"line":185,"column":27},"end":{"line":185,"column":52}},"103":{"start":{"line":186,"column":26},"end":{"line":186,"column":68}},"104":{"start":{"line":187,"column":12},"end":{"line":187,"column":54}},"105":{"start":{"line":192,"column":21},"end":{"line":192,"column":53}},"106":{"start":{"line":193,"column":4},"end":{"line":195,"column":5}},"107":{"start":{"line":194,"column":8},"end":{"line":194,"column":56}},"108":{"start":{"line":198,"column":4},"end":{"line":213,"column":7}},"109":{"start":{"line":199,"column":23},"end":{"line":199,"column":44}},"110":{"start":{"line":200,"column":8},"end":{"line":200,"column":28}},"111":{"start":{"line":200,"column":21},"end":{"line":200,"column":28}},"112":{"start":{"line":202,"column":8},"end":{"line":212,"column":11}},"113":{"start":{"line":203,"column":12},"end":{"line":211,"column":13}},"114":{"start":{"line":204,"column":33},"end":{"line":204,"column":44}},"115":{"start":{"line":204,"column":45},"end":{"line":204,"column":51}},"116":{"start":{"line":205,"column":34},"end":{"line":205,"column":46}},"117":{"start":{"line":205,"column":47},"end":{"line":205,"column":53}},"118":{"start":{"line":206,"column":38},"end":{"line":206,"column":54}},"119":{"start":{"line":206,"column":55},"end":{"line":206,"column":61}},"120":{"start":{"line":207,"column":33},"end":{"line":207,"column":44}},"121":{"start":{"line":207,"column":45},"end":{"line":207,"column":51}},"122":{"start":{"line":208,"column":35},"end":{"line":208,"column":48}},"123":{"start":{"line":208,"column":49},"end":{"line":208,"column":55}},"124":{"start":{"line":209,"column":35},"end":{"line":209,"column":48}},"125":{"start":{"line":209,"column":49},"end":{"line":209,"column":55}},"126":{"start":{"line":210,"column":25},"end":{"line":210,"column":69}},"127":{"start":{"line":216,"column":0},"end":{"line":235,"column":2}},"128":{"start":{"line":231,"column":20},"end":{"line":231,"column":25}},"129":{"start":{"line":232,"column":30},"end":{"line":232,"column":47}},"130":{"start":{"line":233,"column":26},"end":{"line":233,"column":37}},"131":{"start":{"line":234,"column":31},"end":{"line":234,"column":49}}},"fnMap":{"0":{"name":"updateDisplay","decl":{"start":{"line":4,"column":9},"end":{"line":4,"column":22}},"loc":{"start":{"line":4,"column":25},"end":{"line":9,"column":1}},"line":4},"1":{"name":"updateInputDisplay","decl":{"start":{"line":11,"column":9},"end":{"line":11,"column":27}},"loc":{"start":{"line":11,"column":30},"end":{"line":14,"column":1}},"line":11},"2":{"name":"appendDigit","decl":{"start":{"line":16,"column":9},"end":{"line":16,"column":20}},"loc":{"start":{"line":16,"column":28},"end":{"line":19,"column":1}},"line":16},"3":{"name":"enterNumber","decl":{"start":{"line":21,"column":9},"end":{"line":21,"column":20}},"loc":{"start":{"line":21,"column":23},"end":{"line":43,"column":1}},"line":21},"4":{"name":"clearInput","decl":{"start":{"line":45,"column":9},"end":{"line":45,"column":19}},"loc":{"start":{"line":45,"column":22},"end":{"line":48,"column":1}},"line":45},"5":{"name":"clearAll","decl":{"start":{"line":50,"column":9},"end":{"line":50,"column":17}},"loc":{"start":{"line":50,"column":20},"end":{"line":54,"column":1}},"line":50},"6":{"name":"changeSign","decl":{"start":{"line":56,"column":9},"end":{"line":56,"column":19}},"loc":{"start":{"line":56,"column":22},"end":{"line":63,"column":1}},"line":56},"7":{"name":"dropItem","decl":{"start":{"line":65,"column":9},"end":{"line":65,"column":17}},"loc":{"start":{"line":65,"column":20},"end":{"line":68,"column":1}},"line":65},"8":{"name":"swapItems","decl":{"start":{"line":70,"column":9},"end":{"line":70,"column":18}},"loc":{"start":{"line":70,"column":21},"end":{"line":82,"column":1}},"line":70},"9":{"name":"duplicateItem","decl":{"start":{"line":84,"column":9},"end":{"line":84,"column":22}},"loc":{"start":{"line":84,"column":25},"end":{"line":92,"column":1}},"line":84},"10":{"name":"hasEnoughOperands","decl":{"start":{"line":94,"column":9},"end":{"line":94,"column":26}},"loc":{"start":{"line":94,"column":29},"end":{"line":96,"column":1}},"line":94},"11":{"name":"performOperation","decl":{"start":{"line":98,"column":9},"end":{"line":98,"column":25}},"loc":{"start":{"line":98,"column":30},"end":{"line":136,"column":1}},"line":98},"12":{"name":"(anonymous_12)","decl":{"start":{"line":139,"column":37},"end":{"line":139,"column":38}},"loc":{"start":{"line":139,"column":48},"end":{"line":157,"column":1}},"line":139},"13":{"name":"add","decl":{"start":{"line":159,"column":9},"end":{"line":159,"column":12}},"loc":{"start":{"line":159,"column":19},"end":{"line":161,"column":1}},"line":159},"14":{"name":"subtract","decl":{"start":{"line":162,"column":9},"end":{"line":162,"column":17}},"loc":{"start":{"line":162,"column":24},"end":{"line":164,"column":1}},"line":162},"15":{"name":"multiply","decl":{"start":{"line":165,"column":9},"end":{"line":165,"column":17}},"loc":{"start":{"line":165,"column":24},"end":{"line":167,"column":1}},"line":165},"16":{"name":"divide","decl":{"start":{"line":168,"column":9},"end":{"line":168,"column":15}},"loc":{"start":{"line":168,"column":22},"end":{"line":171,"column":1}},"line":168},"17":{"name":"(anonymous_17)","decl":{"start":{"line":173,"column":46},"end":{"line":173,"column":47}},"loc":{"start":{"line":173,"column":52},"end":{"line":214,"column":1}},"line":173},"18":{"name":"(anonymous_18)","decl":{"start":{"line":175,"column":48},"end":{"line":175,"column":49}},"loc":{"start":{"line":175,"column":58},"end":{"line":180,"column":5}},"line":175},"19":{"name":"(anonymous_19)","decl":{"start":{"line":176,"column":41},"end":{"line":176,"column":42}},"loc":{"start":{"line":176,"column":47},"end":{"line":179,"column":9}},"line":176},"20":{"name":"(anonymous_20)","decl":{"start":{"line":183,"column":52},"end":{"line":183,"column":53}},"loc":{"start":{"line":183,"column":62},"end":{"line":189,"column":5}},"line":183},"21":{"name":"(anonymous_21)","decl":{"start":{"line":184,"column":41},"end":{"line":184,"column":42}},"loc":{"start":{"line":184,"column":47},"end":{"line":188,"column":9}},"line":184},"22":{"name":"(anonymous_22)","decl":{"start":{"line":198,"column":51},"end":{"line":198,"column":52}},"loc":{"start":{"line":198,"column":61},"end":{"line":213,"column":5}},"line":198},"23":{"name":"(anonymous_23)","decl":{"start":{"line":202,"column":41},"end":{"line":202,"column":42}},"loc":{"start":{"line":202,"column":47},"end":{"line":212,"column":9}},"line":202},"24":{"name":"(anonymous_24)","decl":{"start":{"line":231,"column":14},"end":{"line":231,"column":15}},"loc":{"start":{"line":231,"column":20},"end":{"line":231,"column":25}},"line":231},"25":{"name":"(anonymous_25)","decl":{"start":{"line":232,"column":14},"end":{"line":232,"column":15}},"loc":{"start":{"line":232,"column":28},"end":{"line":232,"column":49}},"line":232},"26":{"name":"(anonymous_26)","decl":{"start":{"line":233,"column":20},"end":{"line":233,"column":21}},"loc":{"start":{"line":233,"column":26},"end":{"line":233,"column":37}},"line":233},"27":{"name":"(anonymous_27)","decl":{"start":{"line":234,"column":20},"end":{"line":234,"column":21}},"loc":{"start":{"line":234,"column":29},"end":{"line":234,"column":51}},"line":234}},"branchMap":{"0":{"loc":{"start":{"line":22,"column":4},"end":{"line":22,"column":42}},"type":"if","locations":[{"start":{"line":22,"column":4},"end":{"line":22,"column":42}},{"start":{},"end":{}}],"line":22},"1":{"loc":{"start":{"line":24,"column":4},"end":{"line":29,"column":5}},"type":"if","locations":[{"start":{"line":24,"column":4},"end":{"line":29,"column":5}},{"start":{},"end":{}}],"line":24},"2":{"loc":{"start":{"line":33,"column":4},"end":{"line":38,"column":5}},"type":"if","locations":[{"start":{"line":33,"column":4},"end":{"line":38,"column":5}},{"start":{},"end":{}}],"line":33},"3":{"loc":{"start":{"line":33,"column":8},"end":{"line":33,"column":48}},"type":"binary-expr","locations":[{"start":{"line":33,"column":8},"end":{"line":33,"column":20}},{"start":{"line":33,"column":24},"end":{"line":33,"column":48}}],"line":33},"4":{"loc":{"start":{"line":57,"column":4},"end":{"line":61,"column":5}},"type":"if","locations":[{"start":{"line":57,"column":4},"end":{"line":61,"column":5}},{"start":{"line":59,"column":11},"end":{"line":61,"column":5}}],"line":57},"5":{"loc":{"start":{"line":59,"column":11},"end":{"line":61,"column":5}},"type":"if","locations":[{"start":{"line":59,"column":11},"end":{"line":61,"column":5}},{"start":{},"end":{}}],"line":59},"6":{"loc":{"start":{"line":71,"column":4},"end":{"line":74,"column":5}},"type":"if","locations":[{"start":{"line":71,"column":4},"end":{"line":74,"column":5}},{"start":{},"end":{}}],"line":71},"7":{"loc":{"start":{"line":85,"column":4},"end":{"line":88,"column":5}},"type":"if","locations":[{"start":{"line":85,"column":4},"end":{"line":88,"column":5}},{"start":{},"end":{}}],"line":85},"8":{"loc":{"start":{"line":101,"column":4},"end":{"line":104,"column":5}},"type":"if","locations":[{"start":{"line":101,"column":4},"end":{"line":104,"column":5}},{"start":{},"end":{}}],"line":101},"9":{"loc":{"start":{"line":110,"column":4},"end":{"line":132,"column":5}},"type":"switch","locations":[{"start":{"line":111,"column":8},"end":{"line":113,"column":18}},{"start":{"line":114,"column":8},"end":{"line":116,"column":18}},{"start":{"line":117,"column":8},"end":{"line":119,"column":18}},{"start":{"line":120,"column":8},"end":{"line":127,"column":18}},{"start":{"line":128,"column":8},"end":{"line":131,"column":19}}],"line":110},"10":{"loc":{"start":{"line":121,"column":12},"end":{"line":125,"column":13}},"type":"if","locations":[{"start":{"line":121,"column":12},"end":{"line":125,"column":13}},{"start":{},"end":{}}],"line":121},"11":{"loc":{"start":{"line":142,"column":4},"end":{"line":156,"column":5}},"type":"if","locations":[{"start":{"line":142,"column":4},"end":{"line":156,"column":5}},{"start":{"line":144,"column":11},"end":{"line":156,"column":5}}],"line":142},"12":{"loc":{"start":{"line":144,"column":11},"end":{"line":156,"column":5}},"type":"if","locations":[{"start":{"line":144,"column":11},"end":{"line":156,"column":5}},{"start":{"line":146,"column":11},"end":{"line":156,"column":5}}],"line":144},"13":{"loc":{"start":{"line":146,"column":11},"end":{"line":156,"column":5}},"type":"if","locations":[{"start":{"line":146,"column":11},"end":{"line":156,"column":5}},{"start":{"line":148,"column":11},"end":{"line":156,"column":5}}],"line":146},"14":{"loc":{"start":{"line":148,"column":11},"end":{"line":156,"column":5}},"type":"if","locations":[{"start":{"line":148,"column":11},"end":{"line":156,"column":5}},{"start":{"line":150,"column":11},"end":{"line":156,"column":5}}],"line":148},"15":{"loc":{"start":{"line":150,"column":11},"end":{"line":156,"column":5}},"type":"if","locations":[{"start":{"line":150,"column":11},"end":{"line":156,"column":5}},{"start":{"line":153,"column":11},"end":{"line":156,"column":5}}],"line":150},"16":{"loc":{"start":{"line":169,"column":4},"end":{"line":169,"column":29}},"type":"if","locations":[{"start":{"line":169,"column":4},"end":{"line":169,"column":29}},{"start":{},"end":{}}],"line":169},"17":{"loc":{"start":{"line":187,"column":29},"end":{"line":187,"column":52}},"type":"binary-expr","locations":[{"start":{"line":187,"column":29},"end":{"line":187,"column":42}},{"start":{"line":187,"column":46},"end":{"line":187,"column":52}}],"line":187},"18":{"loc":{"start":{"line":193,"column":4},"end":{"line":195,"column":5}},"type":"if","locations":[{"start":{"line":193,"column":4},"end":{"line":195,"column":5}},{"start":{},"end":{}}],"line":193},"19":{"loc":{"start":{"line":200,"column":8},"end":{"line":200,"column":28}},"type":"if","locations":[{"start":{"line":200,"column":8},"end":{"line":200,"column":28}},{"start":{},"end":{}}],"line":200},"20":{"loc":{"start":{"line":203,"column":12},"end":{"line":211,"column":13}},"type":"switch","locations":[{"start":{"line":204,"column":16},"end":{"line":204,"column":51}},{"start":{"line":205,"column":16},"end":{"line":205,"column":53}},{"start":{"line":206,"column":16},"end":{"line":206,"column":61}},{"start":{"line":207,"column":16},"end":{"line":207,"column":51}},{"start":{"line":208,"column":16},"end":{"line":208,"column":55}},{"start":{"line":209,"column":16},"end":{"line":209,"column":55}},{"start":{"line":210,"column":16},"end":{"line":210,"column":69}}],"line":203}},"s":{"0":1,"1":1,"2":8,"3":8,"4":8,"5":21,"6":21,"7":3,"8":3,"9":10,"10":4,"11":6,"12":3,"13":3,"14":3,"15":3,"16":3,"17":3,"18":1,"19":1,"20":1,"21":1,"22":2,"23":2,"24":2,"25":2,"26":2,"27":2,"28":2,"29":2,"30":4,"31":1,"32":3,"33":2,"34":4,"35":1,"36":1,"37":2,"38":1,"39":1,"40":1,"41":1,"42":1,"43":1,"44":1,"45":2,"46":1,"47":1,"48":1,"49":1,"50":5,"51":3,"52":3,"53":0,"54":0,"55":3,"56":3,"57":3,"58":1,"59":1,"60":0,"61":0,"62":0,"63":0,"64":1,"65":1,"66":1,"67":1,"68":0,"69":0,"70":1,"71":1,"72":1,"73":1,"74":1,"75":1,"76":1,"77":1,"78":0,"79":1,"80":0,"81":1,"82":0,"83":1,"84":0,"85":1,"86":0,"87":0,"88":1,"89":7,"90":6,"91":6,"92":7,"93":1,"94":6,"95":1,"96":0,"97":0,"98":0,"99":0,"100":0,"101":0,"102":0,"103":0,"104":0,"105":0,"106":0,"107":0,"108":0,"109":0,"110":0,"111":0,"112":0,"113":0,"114":0,"115":0,"116":0,"117":0,"118":0,"119":0,"120":0,"121":0,"122":0,"123":0,"124":0,"125":0,"126":0,"127":1,"128":13,"129":15,"130":12,"131":21},"f":{"0":8,"1":21,"2":3,"3":10,"4":2,"5":2,"6":4,"7":1,"8":2,"9":2,"10":5,"11":3,"12":1,"13":7,"14":6,"15":6,"16":7,"17":0,"18":0,"19":0,"20":0,"21":0,"22":0,"23":0,"24":13,"25":15,"26":12,"27":21},"b":{"0":[4,6],"1":[3,3],"2":[1,2],"3":[3,3],"4":[1,3],"5":[2,1],"6":[1,1],"7":[1,1],"8":[0,3],"9":[1,0,0,1,1],"10":[1,0],"11":[0,1],"12":[0,1],"13":[0,1],"14":[0,1],"15":[0,1],"16":[1,6],"17":[0,0],"18":[0,0],"19":[0,0],"20":[0,0,0,0,0,0,0]},"_coverageSchema":"1a1c01bbd47fc00a2c39e90264f33305004495a9","hash":"f56f9835bdd08f4686036cbba5971f6973f37348"}
}
