TN:
SF:calculadora.js
FN:4,updateDisplay
FN:11,updateInputDisplay
FN:16,appendDigit
FN:21,enterNumber
FN:38,clearInput
FN:43,clearAll
FN:49,changeSign
FN:58,dropItem
FN:63,swapItems
FN:77,duplicateItem
FN:87,hasEnoughOperands
FN:91,performOperation
FN:132,(anonymous_12)
FN:152,add
FN:155,subtract
FN:158,multiply
FN:161,divide
FN:166,(anonymous_17)
FN:168,(anonymous_18)
FN:169,(anonymous_19)
FN:176,(anonymous_20)
FN:177,(anonymous_21)
FN:191,(anonymous_22)
FN:195,(anonymous_23)
FN:224,(anonymous_24)
FN:225,(anonymous_25)
FN:226,(anonymous_26)
FN:227,(anonymous_27)
FNF:28
FNH:20
FNDA:8,updateDisplay
FNDA:20,updateInputDisplay
FNDA:3,appendDigit
FNDA:9,enterNumber
FNDA:2,clearInput
FNDA:2,clearAll
FNDA:4,changeSign
FNDA:1,dropItem
FNDA:2,swapItems
FNDA:2,duplicateItem
FNDA:5,hasEnoughOperands
FNDA:3,performOperation
FNDA:0,(anonymous_12)
FNDA:7,add
FNDA:6,subtract
FNDA:6,multiply
FNDA:7,divide
FNDA:0,(anonymous_17)
FNDA:0,(anonymous_18)
FNDA:0,(anonymous_19)
FNDA:0,(anonymous_20)
FNDA:0,(anonymous_21)
FNDA:0,(anonymous_22)
FNDA:0,(anonymous_23)
FNDA:12,(anonymous_24)
FNDA:15,(anonymous_25)
FNDA:11,(anonymous_26)
FNDA:20,(anonymous_27)
DA:1,1
DA:2,1
DA:5,8
DA:6,8
DA:8,8
DA:12,20
DA:13,20
DA:17,3
DA:18,3
DA:22,9
DA:24,5
DA:26,5
DA:27,3
DA:28,3
DA:29,3
DA:30,3
DA:33,2
DA:34,2
DA:35,2
DA:39,2
DA:40,2
DA:44,2
DA:45,2
DA:46,2
DA:50,4
DA:51,1
DA:52,3
DA:53,2
DA:55,4
DA:59,1
DA:60,1
DA:64,2
DA:65,1
DA:66,1
DA:69,1
DA:70,1
DA:71,1
DA:72,1
DA:74,1
DA:78,2
DA:79,1
DA:80,1
DA:83,1
DA:84,1
DA:88,5
DA:92,3
DA:94,3
DA:95,0
DA:96,0
DA:99,3
DA:100,3
DA:103,3
DA:105,1
DA:106,1
DA:108,0
DA:109,0
DA:111,0
DA:112,0
DA:114,1
DA:115,1
DA:116,1
DA:117,1
DA:119,0
DA:120,0
DA:122,1
DA:123,1
DA:124,1
DA:127,1
DA:128,1
DA:132,1
DA:133,0
DA:135,0
DA:136,0
DA:137,0
DA:138,0
DA:139,0
DA:140,0
DA:141,0
DA:142,0
DA:143,0
DA:144,0
DA:145,0
DA:148,0
DA:153,7
DA:156,6
DA:159,6
DA:162,7
DA:163,6
DA:166,1
DA:168,0
DA:169,0
DA:170,0
DA:171,0
DA:176,0
DA:177,0
DA:178,0
DA:179,0
DA:180,0
DA:185,0
DA:186,0
DA:187,0
DA:191,0
DA:192,0
DA:193,0
DA:195,0
DA:196,0
DA:197,0
DA:198,0
DA:199,0
DA:200,0
DA:201,0
DA:202,0
DA:203,0
DA:209,1
DA:224,12
DA:225,15
DA:226,11
DA:227,20
LF:118
LH:73
BRDA:22,0,0,4
BRDA:22,0,1,5
BRDA:26,1,0,3
BRDA:26,1,1,2
BRDA:26,2,0,5
BRDA:26,2,1,3
BRDA:50,3,0,1
BRDA:50,3,1,3
BRDA:52,4,0,2
BRDA:52,4,1,1
BRDA:64,5,0,1
BRDA:64,5,1,1
BRDA:78,6,0,1
BRDA:78,6,1,1
BRDA:94,7,0,0
BRDA:94,7,1,3
BRDA:103,8,0,1
BRDA:103,8,1,0
BRDA:103,8,2,0
BRDA:103,8,3,1
BRDA:103,8,4,1
BRDA:114,9,0,1
BRDA:114,9,1,0
BRDA:135,10,0,0
BRDA:135,10,1,0
BRDA:137,11,0,0
BRDA:137,11,1,0
BRDA:139,12,0,0
BRDA:139,12,1,0
BRDA:141,13,0,0
BRDA:141,13,1,0
BRDA:143,14,0,0
BRDA:143,14,1,0
BRDA:162,15,0,1
BRDA:162,15,1,6
BRDA:180,16,0,0
BRDA:180,16,1,0
BRDA:186,17,0,0
BRDA:186,17,1,0
BRDA:193,18,0,0
BRDA:193,18,1,0
BRDA:196,19,0,0
BRDA:196,19,1,0
BRDA:196,19,2,0
BRDA:196,19,3,0
BRDA:196,19,4,0
BRDA:196,19,5,0
BRDA:196,19,6,0
BRF:48
BRH:21
end_of_record
