TN:
SF:calculadora.js
FN:4,updateDisplay
FN:11,updateInputDisplay
FN:16,appendDigit
FN:21,enterNumber
FN:38,clearInput
FN:43,clearAll
FN:49,changeSign
FN:58,dropItem
FN:63,swapItems
FN:77,duplicateItem
FN:87,hasEnoughOperands
FN:91,performOperation
FN:132,(anonymous_12)
FN:152,add
FN:155,subtract
FN:158,multiply
FN:161,divide
FN:166,(anonymous_17)
FN:168,(anonymous_18)
FN:169,(anonymous_19)
FN:176,(anonymous_20)
FN:177,(anonymous_21)
FN:191,(anonymous_22)
FN:195,(anonymous_23)
FNF:24
FNH:2
FNDA:0,updateDisplay
FNDA:0,updateInputDisplay
FNDA:0,appendDigit
FNDA:0,enterNumber
FNDA:0,clearInput
FNDA:0,clearAll
FNDA:0,changeSign
FNDA:0,dropItem
FNDA:0,swapItems
FNDA:0,duplicateItem
FNDA:2,hasEnoughOperands
FNDA:0,performOperation
FNDA:0,(anonymous_12)
FNDA:3,add
FNDA:0,subtract
FNDA:0,multiply
FNDA:0,divide
FNDA:0,(anonymous_17)
FNDA:0,(anonymous_18)
FNDA:0,(anonymous_19)
FNDA:0,(anonymous_20)
FNDA:0,(anonymous_21)
FNDA:0,(anonymous_22)
FNDA:0,(anonymous_23)
DA:1,1
DA:2,1
DA:5,0
DA:6,0
DA:8,0
DA:12,0
DA:13,0
DA:17,0
DA:18,0
DA:22,0
DA:24,0
DA:26,0
DA:27,0
DA:28,0
DA:29,0
DA:30,0
DA:33,0
DA:34,0
DA:35,0
DA:39,0
DA:40,0
DA:44,0
DA:45,0
DA:46,0
DA:50,0
DA:51,0
DA:52,0
DA:53,0
DA:55,0
DA:59,0
DA:60,0
DA:64,0
DA:65,0
DA:66,0
DA:69,0
DA:70,0
DA:71,0
DA:72,0
DA:74,0
DA:78,0
DA:79,0
DA:80,0
DA:83,0
DA:84,0
DA:88,2
DA:92,0
DA:94,0
DA:95,0
DA:96,0
DA:99,0
DA:100,0
DA:103,0
DA:105,0
DA:106,0
DA:108,0
DA:109,0
DA:111,0
DA:112,0
DA:114,0
DA:115,0
DA:116,0
DA:117,0
DA:119,0
DA:120,0
DA:122,0
DA:123,0
DA:124,0
DA:127,0
DA:128,0
DA:132,1
DA:133,0
DA:135,0
DA:136,0
DA:137,0
DA:138,0
DA:139,0
DA:140,0
DA:141,0
DA:142,0
DA:143,0
DA:144,0
DA:145,0
DA:148,0
DA:153,3
DA:156,0
DA:159,0
DA:162,0
DA:163,0
DA:166,1
DA:168,0
DA:169,0
DA:170,0
DA:171,0
DA:176,0
DA:177,0
DA:178,0
DA:179,0
DA:180,0
DA:185,0
DA:186,0
DA:187,0
DA:191,0
DA:192,0
DA:193,0
DA:195,0
DA:196,0
DA:197,0
DA:198,0
DA:199,0
DA:200,0
DA:201,0
DA:202,0
DA:203,0
DA:209,1
LF:114
LH:7
BRDA:22,0,0,0
BRDA:22,0,1,0
BRDA:26,1,0,0
BRDA:26,1,1,0
BRDA:26,2,0,0
BRDA:26,2,1,0
BRDA:50,3,0,0
BRDA:50,3,1,0
BRDA:52,4,0,0
BRDA:52,4,1,0
BRDA:64,5,0,0
BRDA:64,5,1,0
BRDA:78,6,0,0
BRDA:78,6,1,0
BRDA:94,7,0,0
BRDA:94,7,1,0
BRDA:103,8,0,0
BRDA:103,8,1,0
BRDA:103,8,2,0
BRDA:103,8,3,0
BRDA:103,8,4,0
BRDA:114,9,0,0
BRDA:114,9,1,0
BRDA:135,10,0,0
BRDA:135,10,1,0
BRDA:137,11,0,0
BRDA:137,11,1,0
BRDA:139,12,0,0
BRDA:139,12,1,0
BRDA:141,13,0,0
BRDA:141,13,1,0
BRDA:143,14,0,0
BRDA:143,14,1,0
BRDA:162,15,0,0
BRDA:162,15,1,0
BRDA:180,16,0,0
BRDA:180,16,1,0
BRDA:186,17,0,0
BRDA:186,17,1,0
BRDA:193,18,0,0
BRDA:193,18,1,0
BRDA:196,19,0,0
BRDA:196,19,1,0
BRDA:196,19,2,0
BRDA:196,19,3,0
BRDA:196,19,4,0
BRDA:196,19,5,0
BRDA:196,19,6,0
BRF:48
BRH:0
end_of_record
